Clock: clk
Sources: wb_clk_i 
Generated: no
Virtual: yes
Propagated: no
Period: 25.000000

===========================================================================
report_clock_properties
============================================================================
Clock                   Period          Waveform
----------------------------------------------------
clk                  25.000000    0.000000 12.500000

===========================================================================
report_clock_latency
============================================================================
Clock clk
rise -> rise
    min     max
4.650000 5.570000 source latency
5.137714         network latency mprj/_734_/CLK
        6.086775 network latency mprj/_741_/CLK
---------------
9.787714 11.656775 latency
        1.869061 skew

fall -> fall
    min     max
4.650000 5.570000 source latency
5.300642         network latency mprj/_734_/CLK
        6.243775 network latency mprj/_741_/CLK
---------------
9.950642 11.813775 latency
        1.863134 skew



===========================================================================
report_clock_min_period
============================================================================
clk period_min = 1.47 fmax = 680.93
