Clock: clk
Sources: wb_clk_i 
Generated: no
Virtual: yes
Propagated: no
Period: 25.000000

===========================================================================
report_clock_properties
============================================================================
Clock                   Period          Waveform
----------------------------------------------------
clk                  25.000000    0.000000 12.500000

===========================================================================
report_clock_latency
============================================================================
Clock clk
rise -> rise
    min     max
4.650000 5.570000 source latency
5.927696         network latency _734_/CLK
        6.908158 network latency _796_/CLK
---------------
10.577696 12.478158 latency
        1.900463 skew

fall -> fall
    min     max
4.650000 5.570000 source latency
5.960141         network latency _734_/CLK
        6.928278 network latency _796_/CLK
---------------
10.610141 12.498279 latency
        1.888138 skew



===========================================================================
report_clock_min_period
============================================================================
clk period_min = 4.39 fmax = 227.93
