Clock: clk
Sources: wb_clk_i 
Generated: no
Virtual: yes
Propagated: no
Period: 25.000000

===========================================================================
report_clock_properties
============================================================================
Clock                   Period          Waveform
----------------------------------------------------
clk                  25.000000    0.000000 12.500000

===========================================================================
report_clock_latency
============================================================================
Clock clk
rise -> rise
    min     max
4.650000 5.570000 source latency
5.186936         network latency mprj/_734_/CLK
        6.144938 network latency mprj/_796_/CLK
---------------
9.836937 11.714939 latency
        1.878002 skew

fall -> fall
    min     max
4.650000 5.570000 source latency
5.360480         network latency mprj/_734_/CLK
        6.310769 network latency mprj/_796_/CLK
---------------
10.010480 11.880769 latency
        1.870289 skew



===========================================================================
report_clock_min_period
============================================================================
clk period_min = 1.49 fmax = 672.31
