
===========================================================================
report_checks -unconstrained
===========================================================================
======================= max_ss_100C_1v60 Corner ===================================

Startpoint: wb_rst_i (input port clocked by clk)
Endpoint: mprj/_707_ (recovery check against rising-edge clock clk)
Path Group: asynchronous
Path Type: max

Fanout         Cap        Slew       Delay        Time   Description
---------------------------------------------------------------------------------------------
                                  0.000000    0.000000   clock clk (rise edge)
                                  5.570000    5.570000   clock network delay (propagated)
                                 12.500000   18.070000 v input external delay
     2    0.076047    0.000000    0.000000   18.070000 v wb_rst_i (in)
                                                         wb_rst_i (net)
                      0.044247    0.022123   18.092123 v mprj/input1/A (sky130_fd_sc_hd__buf_8)
     9    0.166885    0.209076    0.299890   18.392012 v mprj/input1/X (sky130_fd_sc_hd__buf_8)
                                                         mprj/net1 (net)
                      0.272673    0.089257   18.481268 v mprj/fanout105/A (sky130_fd_sc_hd__clkbuf_4)
    17    0.065385    0.238260    0.495213   18.976480 v mprj/fanout105/X (sky130_fd_sc_hd__clkbuf_4)
                                                         mprj/net105 (net)
                      0.238520    0.007034   18.983517 v mprj/fanout102/A (sky130_fd_sc_hd__buf_4)
    10    0.060633    0.156145    0.426539   19.410055 v mprj/fanout102/X (sky130_fd_sc_hd__buf_4)
                                                         mprj/net102 (net)
                      0.156161    0.001778   19.411833 v mprj/fanout101/A (sky130_fd_sc_hd__buf_6)
    16    0.100318    0.167087    0.360322   19.772154 v mprj/fanout101/X (sky130_fd_sc_hd__buf_6)
                                                         mprj/net101 (net)
                      0.167290    0.005262   19.777416 v mprj/_342_/A (sky130_fd_sc_hd__inv_2)
     1    0.004936    0.066427    0.117213   19.894629 ^ mprj/_342_/Y (sky130_fd_sc_hd__inv_2)
                                                         mprj/_009_ (net)
                      0.066427    0.000265   19.894894 ^ mprj/_707_/SET_B (sky130_fd_sc_hd__dfstp_1)
                                             19.894894   data arrival time

                                 25.000000   25.000000   clock clk (rise edge)
                                  4.650000   29.650000   clock source latency
     2    0.152862    0.610000    0.000000   29.650000 ^ wb_clk_i (in)
                                                         wb_clk_i (net)
                      0.762906    0.076453   29.726452 ^ mprj/clkbuf_0_wb_clk_i/A (sky130_fd_sc_hd__clkbuf_16)
     9    0.090380    0.170507    0.574982   30.301434 ^ mprj/clkbuf_0_wb_clk_i/X (sky130_fd_sc_hd__clkbuf_16)
                                                         mprj/clknet_0_wb_clk_i (net)
                      0.171636    0.010058   30.311491 ^ mprj/clkbuf_2_3_0_wb_clk_i/A (sky130_fd_sc_hd__clkbuf_8)
     5    0.049372    0.152885    0.338265   30.649755 ^ mprj/clkbuf_2_3_0_wb_clk_i/X (sky130_fd_sc_hd__clkbuf_8)
                                                         mprj/clknet_2_3_0_wb_clk_i (net)
                      0.153730    0.008999   30.658754 ^ mprj/clkbuf_3_6__f_wb_clk_i/A (sky130_fd_sc_hd__clkbuf_16)
    31    0.109275    0.191770    0.351786   31.010540 ^ mprj/clkbuf_3_6__f_wb_clk_i/X (sky130_fd_sc_hd__clkbuf_16)
                                                         mprj/clknet_3_6__leaf_wb_clk_i (net)
                      0.196520    0.023679   31.034220 ^ mprj/_707_/CLK (sky130_fd_sc_hd__dfstp_1)
                                 -0.250000   30.784218   clock uncertainty
                                  0.000000   30.784218   clock reconvergence pessimism
                                  0.306950   31.091169   library recovery time
                                             31.091169   data required time
---------------------------------------------------------------------------------------------
                                             31.091169   data required time
                                            -19.894894   data arrival time
---------------------------------------------------------------------------------------------
                                             11.196277   slack (MET)


Startpoint: wbs_adr_i[6] (input port clocked by clk)
Endpoint: wbs_dat_o[3] (output port clocked by clk)
Path Group: clk
Path Type: max

Fanout         Cap        Slew       Delay        Time   Description
---------------------------------------------------------------------------------------------
                                  0.000000    0.000000   clock clk (rise edge)
                                  5.570000    5.570000   clock network delay (propagated)
                                  3.890000    9.460000 v input external delay
     2    0.273366    0.920000    0.000000    9.460000 v wbs_adr_i[6] (in)
                                                         wbs_adr_i[6] (net)
                      1.250602    0.165302    9.625301 v mprj/hold168/A (sky130_fd_sc_hd__dlygate4sd3_1)
     1    0.003658    0.113742    1.645127   11.270429 v mprj/hold168/X (sky130_fd_sc_hd__dlygate4sd3_1)
                                                         mprj/net278 (net)
                      0.113742    0.000235   11.270664 v mprj/input14/A (sky130_fd_sc_hd__clkbuf_1)
     2    0.006443    0.087521    0.212393   11.483057 v mprj/input14/X (sky130_fd_sc_hd__clkbuf_1)
                                                         mprj/net14 (net)
                      0.087522    0.000379   11.483436 v mprj/hold169/A (sky130_fd_sc_hd__dlygate4sd3_1)
     1    0.003996    0.118301    1.151543   12.634978 v mprj/hold169/X (sky130_fd_sc_hd__dlygate4sd3_1)
                                                         mprj/net279 (net)
                      0.118301    0.000274   12.635252 v mprj/_345_/D (sky130_fd_sc_hd__or4_2)
     5    0.015829    0.311764    1.487870   14.123122 v mprj/_345_/X (sky130_fd_sc_hd__or4_2)
                                                         mprj/_228_ (net)
                      0.311764    0.001195   14.124317 v mprj/hold170/A (sky130_fd_sc_hd__dlygate4sd3_1)
     2    0.005626    0.134140    1.281781   15.406098 v mprj/hold170/X (sky130_fd_sc_hd__dlygate4sd3_1)
                                                         mprj/net280 (net)
                      0.134140    0.000359   15.406457 v mprj/_392_/C (sky130_fd_sc_hd__or4_4)
     9    0.049498    0.278539    1.175977   16.582434 v mprj/_392_/X (sky130_fd_sc_hd__or4_4)
                                                         mprj/_253_ (net)
                      0.278647    0.005363   16.587797 v mprj/_533_/C (sky130_fd_sc_hd__or3_1)
     1    0.003083    0.138103    0.792072   17.379869 v mprj/_533_/X (sky130_fd_sc_hd__or3_1)
                                                         mprj/_304_ (net)
                      0.138103    0.000208   17.380077 v mprj/_534_/A3 (sky130_fd_sc_hd__a32o_1)
     1    0.010718    0.137398    0.555623   17.935699 v mprj/_534_/X (sky130_fd_sc_hd__a32o_1)
                                                         mprj/_305_ (net)
                      0.137402    0.000909   17.936609 v mprj/_536_/B2 (sky130_fd_sc_hd__a221o_1)
     1    0.006108    0.123826    0.655410   18.592020 v mprj/_536_/X (sky130_fd_sc_hd__a221o_1)
                                                         mprj/_307_ (net)
                      0.123826    0.000364   18.592382 v mprj/_538_/B1 (sky130_fd_sc_hd__a221o_1)
     1    0.007744    0.139042    0.618748   19.211130 v mprj/_538_/X (sky130_fd_sc_hd__a221o_1)
                                                         mprj/_309_ (net)
                      0.139042    0.000615   19.211746 v mprj/_540_/B1 (sky130_fd_sc_hd__a22o_4)
     3    0.172317    0.403790    0.700956   19.912701 v mprj/_540_/X (sky130_fd_sc_hd__a22o_4)
                                                         mprj/net80 (net)
                      0.444405    0.097431   20.010132 v mprj/output80/A (sky130_fd_sc_hd__buf_12)
     1    0.320762    0.239361    0.468429   20.478561 v mprj/output80/X (sky130_fd_sc_hd__buf_12)
                                                         wbs_dat_o[3] (net)
                      0.442560    0.186414   20.664976 v wbs_dat_o[3] (out)
                                             20.664976   data arrival time

                                 25.000000   25.000000   clock clk (rise edge)
                                  4.650000   29.650000   clock network delay (propagated)
                                 -0.250000   29.400000   clock uncertainty
                                  0.000000   29.400000   clock reconvergence pessimism
                                 -3.620000   25.779999   output external delay
                                             25.779999   data required time
---------------------------------------------------------------------------------------------
                                             25.779999   data required time
                                            -20.664976   data arrival time
---------------------------------------------------------------------------------------------
                                              5.115023   slack (MET)




===========================================================================
report_checks --slack_max -0.01
============================================================================
======================= max_ss_100C_1v60 Corner ===================================

No paths found.


===========================================================================
 report_check_types -max_slew -max_cap -max_fanout -violators
============================================================================
======================= max_ss_100C_1v60 Corner ===================================

max slew

Pin                                        Limit        Slew       Slack
------------------------------------------------------------------------
wbs_dat_o[18]                           1.500000    1.632129   -0.132129 (VIOLATED)

max fanout

Pin                                   Limit Fanout  Slack
---------------------------------------------------------
mprj/clkbuf_3_7__f_wb_clk_i/X            10     39    -29 (VIOLATED)
mprj/clkbuf_3_0__f_wb_clk_i/X            10     37    -27 (VIOLATED)
mprj/fanout103/X                         10     33    -23 (VIOLATED)
mprj/fanout87/X                          10     33    -23 (VIOLATED)
mprj/fanout90/X                          10     33    -23 (VIOLATED)
mprj/fanout93/X                          10     33    -23 (VIOLATED)
mprj/fanout94/X                          10     33    -23 (VIOLATED)
mprj/fanout95/X                          10     33    -23 (VIOLATED)
mprj/fanout99/X                          10     33    -23 (VIOLATED)
mprj/_393_/Y                             10     31    -21 (VIOLATED)
mprj/clkbuf_3_3__f_wb_clk_i/X            10     31    -21 (VIOLATED)
mprj/clkbuf_3_6__f_wb_clk_i/X            10     31    -21 (VIOLATED)
mprj/fanout100/X                         10     31    -21 (VIOLATED)
mprj/_574_/X                             10     29    -19 (VIOLATED)
mprj/_382_/X                             10     27    -17 (VIOLATED)
mprj/clkbuf_3_5__f_wb_clk_i/X            10     27    -17 (VIOLATED)
mprj/clkbuf_3_1__f_wb_clk_i/X            10     25    -15 (VIOLATED)
mprj/clkbuf_3_2__f_wb_clk_i/X            10     25    -15 (VIOLATED)
mprj/hold106/X                           10     25    -15 (VIOLATED)
mprj/clkbuf_3_4__f_wb_clk_i/X            10     23    -13 (VIOLATED)
mprj/fanout98/X                          10     23    -13 (VIOLATED)
mprj/fanout89/X                          10     21    -11 (VIOLATED)
mprj/fanout92/X                          10     21    -11 (VIOLATED)
mprj/fanout96/X                          10     21    -11 (VIOLATED)
mprj/_381_/Y                             10     17     -7 (VIOLATED)
mprj/_383_/Y                             10     17     -7 (VIOLATED)
mprj/_473_/X                             10     17     -7 (VIOLATED)
mprj/fanout105/X                         10     17     -7 (VIOLATED)
mprj/fanout88/X                          10     17     -7 (VIOLATED)
mprj/fanout91/X                          10     17     -7 (VIOLATED)
mprj/hold193/X                           10     17     -7 (VIOLATED)
mprj/hold203/X                           10     17     -7 (VIOLATED)
mprj/fanout101/X                         10     16     -6 (VIOLATED)
mprj/fanout97/X                          10     16     -6 (VIOLATED)
mprj/_349_/X                             10     11        (VIOLATED)
mprj/_554_/X                             10     11        (VIOLATED)



===========================================================================
report_parasitic_annotation -report_unannotated
============================================================================
Found 330 unannotated drivers.
 analog_io[0]
 analog_io[10]
 analog_io[11]
 analog_io[12]
 analog_io[13]
 analog_io[14]
 analog_io[15]
 analog_io[16]
 analog_io[17]
 analog_io[18]
 analog_io[19]
 analog_io[1]
 analog_io[20]
 analog_io[21]
 analog_io[22]
 analog_io[23]
 analog_io[24]
 analog_io[25]
 analog_io[26]
 analog_io[27]
 analog_io[28]
 analog_io[2]
 analog_io[3]
 analog_io[4]
 analog_io[5]
 analog_io[6]
 analog_io[7]
 analog_io[8]
 analog_io[9]
 io_in[0]
 io_in[10]
 io_in[11]
 io_in[12]
 io_in[13]
 io_in[14]
 io_in[15]
 io_in[16]
 io_in[17]
 io_in[18]
 io_in[19]
 io_in[1]
 io_in[20]
 io_in[21]
 io_in[22]
 io_in[23]
 io_in[24]
 io_in[25]
 io_in[26]
 io_in[27]
 io_in[28]
 io_in[29]
 io_in[2]
 io_in[30]
 io_in[31]
 io_in[32]
 io_in[33]
 io_in[34]
 io_in[35]
 io_in[36]
 io_in[3]
 io_in[4]
 io_in[5]
 io_in[6]
 io_in[7]
 io_in[8]
 io_in[9]
 la_data_in[100]
 la_data_in[101]
 la_data_in[102]
 la_data_in[103]
 la_data_in[104]
 la_data_in[105]
 la_data_in[106]
 la_data_in[107]
 la_data_in[108]
 la_data_in[109]
 la_data_in[10]
 la_data_in[110]
 la_data_in[111]
 la_data_in[112]
 la_data_in[113]
 la_data_in[114]
 la_data_in[115]
 la_data_in[116]
 la_data_in[117]
 la_data_in[118]
 la_data_in[119]
 la_data_in[11]
 la_data_in[120]
 la_data_in[121]
 la_data_in[122]
 la_data_in[123]
 la_data_in[124]
 la_data_in[125]
 la_data_in[126]
 la_data_in[127]
 la_data_in[12]
 la_data_in[13]
 la_data_in[14]
 la_data_in[15]
 la_data_in[16]
 la_data_in[17]
 la_data_in[18]
 la_data_in[19]
 la_data_in[1]
 la_data_in[20]
 la_data_in[21]
 la_data_in[22]
 la_data_in[23]
 la_data_in[24]
 la_data_in[25]
 la_data_in[26]
 la_data_in[27]
 la_data_in[28]
 la_data_in[29]
 la_data_in[2]
 la_data_in[30]
 la_data_in[31]
 la_data_in[32]
 la_data_in[33]
 la_data_in[34]
 la_data_in[35]
 la_data_in[36]
 la_data_in[37]
 la_data_in[38]
 la_data_in[39]
 la_data_in[3]
 la_data_in[40]
 la_data_in[41]
 la_data_in[42]
 la_data_in[43]
 la_data_in[44]
 la_data_in[45]
 la_data_in[46]
 la_data_in[47]
 la_data_in[48]
 la_data_in[49]
 la_data_in[4]
 la_data_in[50]
 la_data_in[51]
 la_data_in[52]
 la_data_in[53]
 la_data_in[54]
 la_data_in[55]
 la_data_in[56]
 la_data_in[57]
 la_data_in[58]
 la_data_in[59]
 la_data_in[5]
 la_data_in[60]
 la_data_in[61]
 la_data_in[62]
 la_data_in[63]
 la_data_in[64]
 la_data_in[65]
 la_data_in[66]
 la_data_in[67]
 la_data_in[68]
 la_data_in[69]
 la_data_in[6]
 la_data_in[70]
 la_data_in[71]
 la_data_in[72]
 la_data_in[73]
 la_data_in[74]
 la_data_in[75]
 la_data_in[76]
 la_data_in[77]
 la_data_in[78]
 la_data_in[79]
 la_data_in[7]
 la_data_in[80]
 la_data_in[81]
 la_data_in[82]
 la_data_in[83]
 la_data_in[84]
 la_data_in[85]
 la_data_in[86]
 la_data_in[87]
 la_data_in[88]
 la_data_in[89]
 la_data_in[8]
 la_data_in[90]
 la_data_in[91]
 la_data_in[92]
 la_data_in[93]
 la_data_in[94]
 la_data_in[95]
 la_data_in[96]
 la_data_in[97]
 la_data_in[98]
 la_data_in[99]
 la_data_in[9]
 la_oenb[100]
 la_oenb[101]
 la_oenb[102]
 la_oenb[103]
 la_oenb[104]
 la_oenb[105]
 la_oenb[106]
 la_oenb[107]
 la_oenb[108]
 la_oenb[109]
 la_oenb[10]
 la_oenb[110]
 la_oenb[111]
 la_oenb[112]
 la_oenb[113]
 la_oenb[114]
 la_oenb[115]
 la_oenb[116]
 la_oenb[117]
 la_oenb[118]
 la_oenb[119]
 la_oenb[11]
 la_oenb[120]
 la_oenb[121]
 la_oenb[122]
 la_oenb[123]
 la_oenb[124]
 la_oenb[125]
 la_oenb[126]
 la_oenb[127]
 la_oenb[12]
 la_oenb[13]
 la_oenb[14]
 la_oenb[15]
 la_oenb[16]
 la_oenb[17]
 la_oenb[18]
 la_oenb[19]
 la_oenb[1]
 la_oenb[20]
 la_oenb[21]
 la_oenb[22]
 la_oenb[23]
 la_oenb[24]
 la_oenb[25]
 la_oenb[26]
 la_oenb[27]
 la_oenb[28]
 la_oenb[29]
 la_oenb[2]
 la_oenb[30]
 la_oenb[31]
 la_oenb[32]
 la_oenb[33]
 la_oenb[34]
 la_oenb[35]
 la_oenb[36]
 la_oenb[37]
 la_oenb[38]
 la_oenb[39]
 la_oenb[3]
 la_oenb[40]
 la_oenb[41]
 la_oenb[42]
 la_oenb[43]
 la_oenb[44]
 la_oenb[45]
 la_oenb[46]
 la_oenb[47]
 la_oenb[48]
 la_oenb[49]
 la_oenb[4]
 la_oenb[50]
 la_oenb[51]
 la_oenb[52]
 la_oenb[53]
 la_oenb[54]
 la_oenb[55]
 la_oenb[56]
 la_oenb[57]
 la_oenb[58]
 la_oenb[59]
 la_oenb[5]
 la_oenb[60]
 la_oenb[61]
 la_oenb[62]
 la_oenb[63]
 la_oenb[64]
 la_oenb[65]
 la_oenb[66]
 la_oenb[67]
 la_oenb[68]
 la_oenb[69]
 la_oenb[6]
 la_oenb[70]
 la_oenb[71]
 la_oenb[72]
 la_oenb[73]
 la_oenb[74]
 la_oenb[75]
 la_oenb[76]
 la_oenb[77]
 la_oenb[78]
 la_oenb[79]
 la_oenb[7]
 la_oenb[80]
 la_oenb[81]
 la_oenb[82]
 la_oenb[83]
 la_oenb[84]
 la_oenb[85]
 la_oenb[86]
 la_oenb[87]
 la_oenb[88]
 la_oenb[89]
 la_oenb[8]
 la_oenb[90]
 la_oenb[91]
 la_oenb[92]
 la_oenb[93]
 la_oenb[94]
 la_oenb[95]
 la_oenb[96]
 la_oenb[97]
 la_oenb[98]
 la_oenb[99]
 la_oenb[9]
 user_clock2
 mprj/clkload0/Y
 mprj/clkload1/Y
 mprj/clkload2/Y
 mprj/clkload3/Y
 mprj/i2s_example_106/HI
 mprj/i2s_example_107/HI
 mprj/i2s_example_108/HI
 mprj/i2s_example_109/LO
 mprj/i2s_example_110/LO
Found 0 partially unannotated drivers.

===========================================================================
max slew violation count 1
max fanout violation count 36
max cap violation count 0
============================================================================

===========================================================================
check_setup -verbose -unconstrained_endpoints -multiple_clock -no_clock -no_input_delay -loops -generated_clocks
===========================================================================
Warning: There are 68 input ports missing set_input_delay.
  analog_io[0]
  analog_io[10]
  analog_io[11]
  analog_io[12]
  analog_io[13]
  analog_io[14]
  analog_io[15]
  analog_io[16]
  analog_io[17]
  analog_io[18]
  analog_io[19]
  analog_io[1]
  analog_io[20]
  analog_io[21]
  analog_io[22]
  analog_io[23]
  analog_io[24]
  analog_io[25]
  analog_io[26]
  analog_io[27]
  analog_io[28]
  analog_io[2]
  analog_io[3]
  analog_io[4]
  analog_io[5]
  analog_io[6]
  analog_io[7]
  analog_io[8]
  analog_io[9]
  io_in[0]
  io_in[10]
  io_in[11]
  io_in[12]
  io_in[13]
  io_in[14]
  io_in[15]
  io_in[16]
  io_in[17]
  io_in[18]
  io_in[19]
  io_in[1]
  io_in[20]
  io_in[21]
  io_in[22]
  io_in[23]
  io_in[24]
  io_in[25]
  io_in[26]
  io_in[27]
  io_in[28]
  io_in[29]
  io_in[2]
  io_in[30]
  io_in[31]
  io_in[32]
  io_in[33]
  io_in[34]
  io_in[35]
  io_in[36]
  io_in[37]
  io_in[3]
  io_in[4]
  io_in[5]
  io_in[6]
  io_in[7]
  io_in[8]
  io_in[9]
  user_clock2
Warning: There are 235 unconstrained endpoints.
  analog_io[0]
  analog_io[10]
  analog_io[11]
  analog_io[12]
  analog_io[13]
  analog_io[14]
  analog_io[15]
  analog_io[16]
  analog_io[17]
  analog_io[18]
  analog_io[19]
  analog_io[1]
  analog_io[20]
  analog_io[21]
  analog_io[22]
  analog_io[23]
  analog_io[24]
  analog_io[25]
  analog_io[26]
  analog_io[27]
  analog_io[28]
  analog_io[2]
  analog_io[3]
  analog_io[4]
  analog_io[5]
  analog_io[6]
  analog_io[7]
  analog_io[8]
  analog_io[9]
  io_oeb[0]
  io_oeb[10]
  io_oeb[11]
  io_oeb[12]
  io_oeb[13]
  io_oeb[14]
  io_oeb[15]
  io_oeb[16]
  io_oeb[17]
  io_oeb[18]
  io_oeb[19]
  io_oeb[1]
  io_oeb[20]
  io_oeb[21]
  io_oeb[22]
  io_oeb[23]
  io_oeb[24]
  io_oeb[25]
  io_oeb[26]
  io_oeb[27]
  io_oeb[28]
  io_oeb[29]
  io_oeb[2]
  io_oeb[30]
  io_oeb[31]
  io_oeb[32]
  io_oeb[33]
  io_oeb[34]
  io_oeb[35]
  io_oeb[36]
  io_oeb[37]
  io_oeb[3]
  io_oeb[4]
  io_oeb[5]
  io_oeb[6]
  io_oeb[7]
  io_oeb[8]
  io_oeb[9]
  io_out[0]
  io_out[10]
  io_out[11]
  io_out[12]
  io_out[13]
  io_out[14]
  io_out[15]
  io_out[16]
  io_out[17]
  io_out[18]
  io_out[19]
  io_out[1]
  io_out[20]
  io_out[21]
  io_out[22]
  io_out[23]
  io_out[24]
  io_out[25]
  io_out[26]
  io_out[27]
  io_out[28]
  io_out[29]
  io_out[2]
  io_out[30]
  io_out[31]
  io_out[32]
  io_out[33]
  io_out[34]
  io_out[35]
  io_out[36]
  io_out[37]
  io_out[3]
  io_out[4]
  io_out[5]
  io_out[6]
  io_out[7]
  io_out[8]
  io_out[9]
  la_data_out[100]
  la_data_out[101]
  la_data_out[102]
  la_data_out[103]
  la_data_out[104]
  la_data_out[105]
  la_data_out[106]
  la_data_out[107]
  la_data_out[108]
  la_data_out[109]
  la_data_out[10]
  la_data_out[110]
  la_data_out[111]
  la_data_out[112]
  la_data_out[113]
  la_data_out[114]
  la_data_out[115]
  la_data_out[116]
  la_data_out[117]
  la_data_out[118]
  la_data_out[119]
  la_data_out[11]
  la_data_out[120]
  la_data_out[121]
  la_data_out[122]
  la_data_out[123]
  la_data_out[124]
  la_data_out[125]
  la_data_out[126]
  la_data_out[127]
  la_data_out[12]
  la_data_out[13]
  la_data_out[14]
  la_data_out[15]
  la_data_out[16]
  la_data_out[17]
  la_data_out[18]
  la_data_out[19]
  la_data_out[1]
  la_data_out[20]
  la_data_out[21]
  la_data_out[22]
  la_data_out[23]
  la_data_out[24]
  la_data_out[25]
  la_data_out[26]
  la_data_out[27]
  la_data_out[28]
  la_data_out[29]
  la_data_out[2]
  la_data_out[30]
  la_data_out[31]
  la_data_out[32]
  la_data_out[33]
  la_data_out[34]
  la_data_out[35]
  la_data_out[36]
  la_data_out[37]
  la_data_out[38]
  la_data_out[39]
  la_data_out[3]
  la_data_out[40]
  la_data_out[41]
  la_data_out[42]
  la_data_out[43]
  la_data_out[44]
  la_data_out[45]
  la_data_out[46]
  la_data_out[47]
  la_data_out[48]
  la_data_out[49]
  la_data_out[4]
  la_data_out[50]
  la_data_out[51]
  la_data_out[52]
  la_data_out[53]
  la_data_out[54]
  la_data_out[55]
  la_data_out[56]
  la_data_out[57]
  la_data_out[58]
  la_data_out[59]
  la_data_out[5]
  la_data_out[60]
  la_data_out[61]
  la_data_out[62]
  la_data_out[63]
  la_data_out[64]
  la_data_out[65]
  la_data_out[66]
  la_data_out[67]
  la_data_out[68]
  la_data_out[69]
  la_data_out[6]
  la_data_out[70]
  la_data_out[71]
  la_data_out[72]
  la_data_out[73]
  la_data_out[74]
  la_data_out[75]
  la_data_out[76]
  la_data_out[77]
  la_data_out[78]
  la_data_out[79]
  la_data_out[7]
  la_data_out[80]
  la_data_out[81]
  la_data_out[82]
  la_data_out[83]
  la_data_out[84]
  la_data_out[85]
  la_data_out[86]
  la_data_out[87]
  la_data_out[88]
  la_data_out[89]
  la_data_out[8]
  la_data_out[90]
  la_data_out[91]
  la_data_out[92]
  la_data_out[93]
  la_data_out[94]
  la_data_out[95]
  la_data_out[96]
  la_data_out[97]
  la_data_out[98]
  la_data_out[99]
  la_data_out[9]
  user_irq[0]
  user_irq[1]
  user_irq[2]
