Clock: clk
Sources: wb_clk_i 
Generated: no
Virtual: yes
Propagated: no
Period: 25.000000

===========================================================================
report_clock_properties
============================================================================
Clock                   Period          Waveform
----------------------------------------------------
clk                  25.000000    0.000000 12.500000

===========================================================================
report_clock_latency
============================================================================
Clock clk
rise -> rise
    min     max
4.650000 5.570000 source latency
6.000464         network latency mprj/_734_/CLK
        6.980928 network latency mprj/_796_/CLK
---------------
10.650464 12.550929 latency
        1.900465 skew

fall -> fall
    min     max
4.650000 5.570000 source latency
6.040109         network latency mprj/_734_/CLK
        7.008248 network latency mprj/_796_/CLK
---------------
10.690108 12.578248 latency
        1.888139 skew



===========================================================================
report_clock_min_period
============================================================================
clk period_min = 4.39 fmax = 227.93
