Clock: clk
Sources: wb_clk_i 
Generated: no
Virtual: yes
Propagated: no
Period: 25.000000

===========================================================================
report_clock_properties
============================================================================
Clock                   Period          Waveform
----------------------------------------------------
clk                  25.000000    0.000000 12.500000

===========================================================================
report_clock_latency
============================================================================
Clock clk
rise -> rise
    min     max
4.650000 5.570000 source latency
5.142359         network latency _734_/CLK
        6.100359 network latency _796_/CLK
---------------
9.792359 11.670360 latency
        1.878000 skew

fall -> fall
    min     max
4.650000 5.570000 source latency
5.294302         network latency _734_/CLK
        6.244587 network latency _796_/CLK
---------------
9.944302 11.814587 latency
        1.870285 skew



===========================================================================
report_clock_min_period
============================================================================
clk period_min = 1.49 fmax = 672.31
