Clock: clk
Sources: wb_clk_i 
Generated: no
Virtual: yes
Propagated: no
Period: 25.000000

===========================================================================
report_clock_properties
============================================================================
Clock                   Period          Waveform
----------------------------------------------------
clk                  25.000000    0.000000 12.500000

===========================================================================
report_clock_latency
============================================================================
Clock clk
rise -> rise
    min     max
4.650000 5.570000 source latency
5.109040         network latency _734_/CLK
        6.058100 network latency _741_/CLK
---------------
9.759040 11.628099 latency
        1.869060 skew

fall -> fall
    min     max
4.650000 5.570000 source latency
5.258109         network latency _734_/CLK
        6.201347 network latency _741_/CLK
---------------
9.908109 11.771347 latency
        1.863238 skew



===========================================================================
report_clock_min_period
============================================================================
clk period_min = 1.47 fmax = 680.93
