Clock: clk
Sources: wb_clk_i 
Generated: no
Virtual: yes
Propagated: no
Period: 25.000000

===========================================================================
report_clock_properties
============================================================================
Clock                   Period          Waveform
----------------------------------------------------
clk                  25.000000    0.000000 12.500000

===========================================================================
report_clock_latency
============================================================================
Clock clk
rise -> rise
    min     max
4.650000 5.570000 source latency
5.387249         network latency _734_/CLK
        6.349099 network latency _741_/CLK
---------------
10.037249 11.919099 latency
        1.881850 skew

fall -> fall
    min     max
4.650000 5.570000 source latency
5.490551         network latency _734_/CLK
        6.444021 network latency _741_/CLK
---------------
10.140550 12.014020 latency
        1.873470 skew



===========================================================================
report_clock_min_period
============================================================================
clk period_min = 2.19 fmax = 456.92
