Clock: clk
Sources: wb_clk_i 
Generated: no
Virtual: yes
Propagated: no
Period: 25.000000

===========================================================================
report_clock_properties
============================================================================
Clock                   Period          Waveform
----------------------------------------------------
clk                  25.000000    0.000000 12.500000

===========================================================================
report_clock_latency
============================================================================
Clock clk
rise -> rise
    min     max
4.650000 5.570000 source latency
5.463828         network latency mprj/_734_/CLK
        6.428482 network latency mprj/_796_/CLK
---------------
10.113829 11.998483 latency
        1.884654 skew

fall -> fall
    min     max
4.650000 5.570000 source latency
5.582336         network latency mprj/_734_/CLK
        6.538571 network latency mprj/_796_/CLK
---------------
10.232336 12.108570 latency
        1.876234 skew



===========================================================================
report_clock_min_period
============================================================================
clk period_min = 2.20 fmax = 454.04
