Clock: clk
Sources: wb_clk_i 
Generated: no
Virtual: yes
Propagated: no
Period: 25.000000

===========================================================================
report_clock_properties
============================================================================
Clock                   Period          Waveform
----------------------------------------------------
clk                  25.000000    0.000000 12.500000

===========================================================================
report_clock_latency
============================================================================
Clock clk
rise -> rise
    min     max
4.650000 5.570000 source latency
5.400770         network latency mprj/_734_/CLK
        6.355999 network latency mprj/_741_/CLK
---------------
10.050770 11.926000 latency
        1.875229 skew

fall -> fall
    min     max
4.650000 5.570000 source latency
5.514835         network latency mprj/_734_/CLK
        6.463377 network latency mprj/_741_/CLK
---------------
10.164835 12.033378 latency
        1.868543 skew



===========================================================================
report_clock_min_period
============================================================================
clk period_min = 2.18 fmax = 459.57
