Clock: clk
Sources: wb_clk_i 
Generated: no
Virtual: yes
Propagated: no
Period: 25.000000

===========================================================================
report_clock_properties
============================================================================
Clock                   Period          Waveform
----------------------------------------------------
clk                  25.000000    0.000000 12.500000

===========================================================================
report_clock_latency
============================================================================
Clock clk
rise -> rise
    min     max
4.650000 5.570000 source latency
5.126049         network latency _734_/CLK
        6.081011 network latency _741_/CLK
---------------
9.776049 11.651011 latency
        1.874962 skew

fall -> fall
    min     max
4.650000 5.570000 source latency
5.276473         network latency _734_/CLK
        6.224852 network latency _741_/CLK
---------------
9.926473 11.794851 latency
        1.868379 skew



===========================================================================
report_clock_min_period
============================================================================
clk period_min = 1.48 fmax = 676.92
