Clock: clk
Sources: wb_clk_i 
Generated: no
Virtual: yes
Propagated: no
Period: 25.000000

===========================================================================
report_clock_properties
============================================================================
Clock                   Period          Waveform
----------------------------------------------------
clk                  25.000000    0.000000 12.500000

===========================================================================
report_clock_latency
============================================================================
Clock clk
rise -> rise
    min     max
4.650000 5.570000 source latency
5.163107         network latency mprj/_734_/CLK
        6.118070 network latency mprj/_741_/CLK
---------------
9.813107 11.688070 latency
        1.874963 skew

fall -> fall
    min     max
4.650000 5.570000 source latency
5.331490         network latency mprj/_734_/CLK
        6.279869 network latency mprj/_741_/CLK
---------------
9.981490 11.849869 latency
        1.868379 skew



===========================================================================
report_clock_min_period
============================================================================
clk period_min = 1.48 fmax = 676.92
