Clock: clk
Sources: wb_clk_i 
Generated: no
Virtual: yes
Propagated: no
Period: 25.000000

===========================================================================
report_clock_properties
============================================================================
Clock                   Period          Waveform
----------------------------------------------------
clk                  25.000000    0.000000 12.500000

===========================================================================
report_clock_latency
============================================================================
Clock clk
rise -> rise
    min     max
4.650000 5.570000 source latency
5.364800         network latency _734_/CLK
        6.320029 network latency _741_/CLK
---------------
10.014800 11.890029 latency
        1.875229 skew

fall -> fall
    min     max
4.650000 5.570000 source latency
5.468790         network latency _734_/CLK
        6.417333 network latency _741_/CLK
---------------
10.118790 11.987332 latency
        1.868543 skew



===========================================================================
report_clock_min_period
============================================================================
clk period_min = 2.18 fmax = 459.57
