Clock: clk
Sources: wb_clk_i 
Generated: no
Virtual: yes
Propagated: no
Period: 25.000000

===========================================================================
report_clock_properties
============================================================================
Clock                   Period          Waveform
----------------------------------------------------
clk                  25.000000    0.000000 12.500000

===========================================================================
report_clock_latency
============================================================================
Clock clk
rise -> rise
    min     max
4.650000 5.570000 source latency
5.958879         network latency mprj/_734_/CLK
        6.936728 network latency mprj/_741_/CLK
---------------
10.608879 12.506728 latency
        1.897849 skew

fall -> fall
    min     max
4.650000 5.570000 source latency
6.001099         network latency mprj/_734_/CLK
        6.967142 network latency mprj/_741_/CLK
---------------
10.651098 12.537142 latency
        1.886043 skew



===========================================================================
report_clock_min_period
============================================================================
clk period_min = 4.36 fmax = 229.19
