Clock: clk
Sources: wb_clk_i 
Generated: no
Virtual: yes
Propagated: no
Period: 25.000000

===========================================================================
report_clock_properties
============================================================================
Clock                   Period          Waveform
----------------------------------------------------
clk                  25.000000    0.000000 12.500000

===========================================================================
report_clock_latency
============================================================================
Clock clk
rise -> rise
    min     max
4.650000 5.570000 source latency
5.866511         network latency _724_/CLK
        6.835219 network latency _741_/CLK
---------------
10.516511 12.405219 latency
        1.888709 skew

fall -> fall
    min     max
4.650000 5.570000 source latency
5.907282         network latency _734_/CLK
        6.866074 network latency _741_/CLK
---------------
10.557281 12.436074 latency
        1.878792 skew



===========================================================================
report_clock_min_period
============================================================================
clk period_min = 4.34 fmax = 230.43
